native-android/app/build/intermediates/manifest_merge_blame_file/debug/manifest-merger-blame-debug-report.txt
1<?xml version="1.0" encoding="utf-8"?>
2<manifest xmlns:android="http://schemas.android.com/apk/res/android"
3    package="com.personalfinance.nativeapp"
4    android:versionCode="1"
5    android:versionName="1.0-native" >
6
7    <uses-sdk
8        android:minSdkVersion="23"
9        android:targetSdkVersion="34" />
10
11    <application
11-->src/main/AndroidManifest.xml:3:5-18:19
12        android:allowBackup="false"
12-->src/main/AndroidManifest.xml:4:9-36
13        android:debuggable="true"
14        android:extractNativeLibs="false"
15        android:fullBackupContent="false"
15-->src/main/AndroidManifest.xml:5:9-42
16        android:label="مدیریت مالی شخصی"
16-->src/main/AndroidManifest.xml:6:9-41
17        android:theme="@style/AppTheme"
17-->src/main/AndroidManifest.xml:7:9-40
18        android:usesCleartextTraffic="false" >
18-->src/main/AndroidManifest.xml:8:9-45
19        <activity
19-->src/main/AndroidManifest.xml:9:9-17:20
20            android:name="com.personalfinance.nativeapp.MainActivity"
20-->src/main/AndroidManifest.xml:10:13-41
21            android:exported="true"
21-->src/main/AndroidManifest.xml:11:13-36
22            android:screenOrientation="portrait" >
22-->src/main/AndroidManifest.xml:12:13-49
23            <intent-filter>
23-->src/main/AndroidManifest.xml:13:13-16:29
24                <action android:name="android.intent.action.MAIN" />
24-->src/main/AndroidManifest.xml:14:17-69
24-->src/main/AndroidManifest.xml:14:25-66
25
26                <category android:name="android.intent.category.LAUNCHER" />
26-->src/main/AndroidManifest.xml:15:17-77
26-->src/main/AndroidManifest.xml:15:27-74
27            </intent-filter>
28        </activity>
29    </application>
30
31</manifest>